<?xml version="1.0" encoding="UTF-8"?>
<!-- Generated by org.testng.reporters.JUnitXMLReporter -->
<testsuite hostname="DESKTOP-T3UULDR" name="HomePage" tests="2" failures="2" timestamp="5 Mar 2022 00:36:25 GMT" time="4.12" errors="0">
  <testcase name="feature" time="3.83" classname="cucumberOptions.TestRunner">
    <failure type="cucumber.runtime.CucumberException" message="org.openqa.selenium.SessionNotCreatedException: session not created: This version of ChromeDriver only supports Chrome version 97
Current browser version is 99.0.4844.51 with binary path C:\Program Files (x86)\Google\Chrome\Application\chrome.exe
Build info: version: &amp;apos;3.141.59&amp;apos;, revision: &amp;apos;e82be7d358&amp;apos;, time: &amp;apos;2018-11-14T08:17:03&amp;apos;
System info: host: &amp;apos;DESKTOP-T3UULDR&amp;apos;, ip: &amp;apos;192.168.0.104&amp;apos;, os.name: &amp;apos;Windows 10&amp;apos;, os.arch: &amp;apos;amd64&amp;apos;, os.version: &amp;apos;10.0&amp;apos;, java.version: &amp;apos;1.8.0_231&amp;apos;
Driver info: driver.version: ChromeDriver
remote stacktrace: Backtrace:
	Ordinal0 [0x0105FDC3+2555331]
	Ordinal0 [0x00FF77F1+2127857]
	Ordinal0 [0x00EF2E08+1060360]
	Ordinal0 [0x00F119CA+1186250]
	Ordinal0 [0x00F0D825+1169445]
	Ordinal0 [0x00F0AFC1+1159105]
	Ordinal0 [0x00F3C22F+1360431]
	Ordinal0 [0x00F3BE9A+1359514]
	Ordinal0 [0x00F37976+1341814]
	Ordinal0 [0x00F136B6+1193654]
	Ordinal0 [0x00F14546+1197382]
	GetHandleVerifier [0x011F9622+1619522]
	GetHandleVerifier [0x012A882C+2336844]
	GetHandleVerifier [0x010F23E1+541697]
	GetHandleVerifier [0x010F1443+537699]
	Ordinal0 [0x00FFD18E+2150798]
	Ordinal0 [0x01001518+2168088]
	Ordinal0 [0x01001660+2168416]
	Ordinal0 [0x0100B330+2208560]
	BaseThreadInitThunk [0x75216359+25]
	RtlGetAppContainerNamedObjectPath [0x772687A4+228]
	RtlGetAppContainerNamedObjectPath [0x77268774+180]
">
      <![CDATA[cucumber.runtime.CucumberException: org.openqa.selenium.SessionNotCreatedException: session not created: This version of ChromeDriver only supports Chrome version 97
Current browser version is 99.0.4844.51 with binary path C:\Program Files (x86)\Google\Chrome\Application\chrome.exe
Build info: version: '3.141.59', revision: 'e82be7d358', time: '2018-11-14T08:17:03'
System info: host: 'DESKTOP-T3UULDR', ip: '192.168.0.104', os.name: 'Windows 10', os.arch: 'amd64', os.version: '10.0', java.version: '1.8.0_231'
Driver info: driver.version: ChromeDriver
remote stacktrace: Backtrace:
	Ordinal0 [0x0105FDC3+2555331]
	Ordinal0 [0x00FF77F1+2127857]
	Ordinal0 [0x00EF2E08+1060360]
	Ordinal0 [0x00F119CA+1186250]
	Ordinal0 [0x00F0D825+1169445]
	Ordinal0 [0x00F0AFC1+1159105]
	Ordinal0 [0x00F3C22F+1360431]
	Ordinal0 [0x00F3BE9A+1359514]
	Ordinal0 [0x00F37976+1341814]
	Ordinal0 [0x00F136B6+1193654]
	Ordinal0 [0x00F14546+1197382]
	GetHandleVerifier [0x011F9622+1619522]
	GetHandleVerifier [0x012A882C+2336844]
	GetHandleVerifier [0x010F23E1+541697]
	GetHandleVerifier [0x010F1443+537699]
	Ordinal0 [0x00FFD18E+2150798]
	Ordinal0 [0x01001518+2168088]
	Ordinal0 [0x01001660+2168416]
	Ordinal0 [0x0100B330+2208560]
	BaseThreadInitThunk [0x75216359+25]
	RtlGetAppContainerNamedObjectPath [0x772687A4+228]
	RtlGetAppContainerNamedObjectPath [0x77268774+180]

	at cucumber.api.testng.TestNGCucumberRunner.runCucumber(TestNGCucumberRunner.java:69)
	at cucumber.api.testng.AbstractTestNGCucumberTests.feature(AbstractTestNGCucumberTests.java:21)
Caused by: org.openqa.selenium.SessionNotCreatedException: session not created: This version of ChromeDriver only supports Chrome version 97
Current browser version is 99.0.4844.51 with binary path C:\Program Files (x86)\Google\Chrome\Application\chrome.exe
Build info: version: '3.141.59', revision: 'e82be7d358', time: '2018-11-14T08:17:03'
System info: host: 'DESKTOP-T3UULDR', ip: '192.168.0.104', os.name: 'Windows 10', os.arch: 'amd64', os.version: '10.0', java.version: '1.8.0_231'
Driver info: driver.version: ChromeDriver
remote stacktrace: Backtrace:
	Ordinal0 [0x0105FDC3+2555331]
	Ordinal0 [0x00FF77F1+2127857]
	Ordinal0 [0x00EF2E08+1060360]
	Ordinal0 [0x00F119CA+1186250]
	Ordinal0 [0x00F0D825+1169445]
	Ordinal0 [0x00F0AFC1+1159105]
	Ordinal0 [0x00F3C22F+1360431]
	Ordinal0 [0x00F3BE9A+1359514]
	Ordinal0 [0x00F37976+1341814]
	Ordinal0 [0x00F136B6+1193654]
	Ordinal0 [0x00F14546+1197382]
	GetHandleVerifier [0x011F9622+1619522]
	GetHandleVerifier [0x012A882C+2336844]
	GetHandleVerifier [0x010F23E1+541697]
	GetHandleVerifier [0x010F1443+537699]
	Ordinal0 [0x00FFD18E+2150798]
	Ordinal0 [0x01001518+2168088]
	Ordinal0 [0x01001660+2168416]
	Ordinal0 [0x0100B330+2208560]
	BaseThreadInitThunk [0x75216359+25]
	RtlGetAppContainerNamedObjectPath [0x772687A4+228]
	RtlGetAppContainerNamedObjectPath [0x77268774+180]

	at org.openqa.selenium.remote.W3CHandshakeResponse.lambda$errorHandler$0(W3CHandshakeResponse.java:62)
	at org.openqa.selenium.remote.HandshakeResponse.lambda$getResponseFunction$0(HandshakeResponse.java:30)
	at org.openqa.selenium.remote.ProtocolHandshake.lambda$createSession$0(ProtocolHandshake.java:126)
	at java.util.stream.ReferencePipeline$3$1.accept(ReferencePipeline.java:193)
	at java.util.Spliterators$ArraySpliterator.tryAdvance(Spliterators.java:958)
	at java.util.stream.ReferencePipeline.forEachWithCancel(ReferencePipeline.java:126)
	at java.util.stream.AbstractPipeline.copyIntoWithCancel(AbstractPipeline.java:499)
	at java.util.stream.AbstractPipeline.copyInto(AbstractPipeline.java:486)
	at java.util.stream.AbstractPipeline.wrapAndCopyInto(AbstractPipeline.java:472)
	at java.util.stream.FindOps$FindOp.evaluateSequential(FindOps.java:152)
	at java.util.stream.AbstractPipeline.evaluate(AbstractPipeline.java:234)
	at java.util.stream.ReferencePipeline.findFirst(ReferencePipeline.java:464)
	at org.openqa.selenium.remote.ProtocolHandshake.createSession(ProtocolHandshake.java:128)
	at org.openqa.selenium.remote.ProtocolHandshake.createSession(ProtocolHandshake.java:74)
	at org.openqa.selenium.remote.HttpCommandExecutor.execute(HttpCommandExecutor.java:136)
	at org.openqa.selenium.remote.service.DriverCommandExecutor.execute(DriverCommandExecutor.java:83)
	at org.openqa.selenium.remote.RemoteWebDriver.execute(RemoteWebDriver.java:552)
	at org.openqa.selenium.remote.RemoteWebDriver.startSession(RemoteWebDriver.java:213)
	at org.openqa.selenium.remote.RemoteWebDriver.<init>(RemoteWebDriver.java:131)
	at org.openqa.selenium.chrome.ChromeDriver.<init>(ChromeDriver.java:181)
	at org.openqa.selenium.chrome.ChromeDriver.<init>(ChromeDriver.java:168)
	at org.openqa.selenium.chrome.ChromeDriver.<init>(ChromeDriver.java:157)
	at resources.base.initialzedriver(base.java:85)
	at stepDefinations.HomePagestepDefination.initialise_the_driver(HomePagestepDefination.java:28)
	at âœ½.Given Initialise the driver(HomePage.feature:4)
... Removed 28 stack frames]]>
    </failure>
  </testcase> <!-- feature -->
  <testcase name="feature" time="3.913" classname="cucumberOptions.TestRunner">
    <failure type="java.lang.NullPointerException">
      <![CDATA[java.lang.NullPointerException
	at resources.base.getScreenShot(base.java:122)
	at Academy.Listeners.onTestFailure(Listeners.java:61)
... Removed 21 stack frames]]>
    </failure>
  </testcase> <!-- feature -->
</testsuite> <!-- HomePage -->
